build/app/intermediates/manifest_merge_blame_file/debug/manifest-merger-blame-debug-report.txt
1<?xml version="1.0" encoding="utf-8"?>
2<manifest xmlns:android="http://schemas.android.com/apk/res/android"
3    package="com.example.surveyflow"
4    android:versionCode="1"
5    android:versionName="1.0.0" >
6
7    <uses-sdk
8        android:minSdkVersion="21"
9        android:targetSdkVersion="35" />
10    <!--
11         The INTERNET permission is required for development. Specifically,
12         the Flutter tool needs it to communicate with the running application
13         to allow setting breakpoints, to provide hot reload, etc.
14    -->
15    <uses-permission android:name="android.permission.INTERNET" />
15-->src\debug\AndroidManifest.xml:6:5-66
15-->src\debug\AndroidManifest.xml:6:22-64
16    <!-- Add Required Permissions -->
17    <uses-permission android:name="android.permission.CAMERA" />
17-->src\main\AndroidManifest.xml:3:5-64
17-->src\main\AndroidManifest.xml:3:22-62
18    <uses-permission android:name="android.permission.READ_EXTERNAL_STORAGE" />
18-->src\main\AndroidManifest.xml:4:5-79
18-->src\main\AndroidManifest.xml:4:22-77
19    <uses-permission android:name="android.permission.WRITE_EXTERNAL_STORAGE" />
19-->src\main\AndroidManifest.xml:5:5-80
19-->src\main\AndroidManifest.xml:5:22-78
20
21    <queries>
21-->src\main\AndroidManifest.xml:49:5-54:15
22        <intent>
22-->src\main\AndroidManifest.xml:50:9-53:18
23            <action android:name="android.intent.action.PROCESS_TEXT" />
23-->src\main\AndroidManifest.xml:51:13-72
23-->src\main\AndroidManifest.xml:51:21-70
24
25            <data android:mimeType="text/plain" />
25-->src\main\AndroidManifest.xml:52:13-50
25-->src\main\AndroidManifest.xml:52:19-48
26        </intent>
27    </queries>
28
29    <permission
29-->[androidx.core:core:1.13.1] AndroidManifest.xml:22:5-24:47
30        android:name="com.example.surveyflow.DYNAMIC_RECEIVER_NOT_EXPORTED_PERMISSION"
30-->[androidx.core:core:1.13.1] AndroidManifest.xml:23:9-81
31        android:protectionLevel="signature" />
31-->[androidx.core:core:1.13.1] AndroidManifest.xml:24:9-44
32
33    <uses-permission android:name="com.example.surveyflow.DYNAMIC_RECEIVER_NOT_EXPORTED_PERMISSION" />
33-->[androidx.core:core:1.13.1] AndroidManifest.xml:26:5-97
33-->[androidx.core:core:1.13.1] AndroidManifest.xml:26:22-94
34
35    <application
36        android:name="android.app.Application"
37        android:appComponentFactory="androidx.core.app.CoreComponentFactory"
37-->[androidx.core:core:1.13.1] AndroidManifest.xml:28:18-86
38        android:debuggable="true"
39        android:extractNativeLibs="true"
40        android:icon="@mipmap/ic_launcher"
41        android:label="surveyflow" >
42        <activity
43            android:name="com.example.surveyflow.MainActivity"
44            android:configChanges="orientation|keyboardHidden|keyboard|screenSize|smallestScreenSize|locale|layoutDirection|fontScale|screenLayout|density|uiMode"
45            android:exported="true"
46            android:hardwareAccelerated="true"
47            android:launchMode="singleTop"
48            android:taskAffinity=""
49            android:theme="@style/LaunchTheme"
50            android:windowSoftInputMode="adjustResize" >
51            <meta-data
52                android:name="io.flutter.embedding.android.NormalTheme"
53                android:resource="@style/NormalTheme" />
54
55            <intent-filter>
56                <action android:name="android.intent.action.MAIN" />
57
58                <category android:name="android.intent.category.LAUNCHER" />
59            </intent-filter>
60        </activity>
61
62        <!-- Add the provider for image_picker -->
63        <provider
64            android:name="androidx.core.content.FileProvider"
65            android:authorities="com.example.surveyflow.fileprovider"
66            android:exported="false"
67            android:grantUriPermissions="true" >
68            <meta-data
68-->[:image_picker_android] AndroidManifest.xml:14:13-16:75
69                android:name="android.support.FILE_PROVIDER_PATHS"
69-->[:image_picker_android] AndroidManifest.xml:15:17-67
70                android:resource="@xml/file_paths" />
70-->[:image_picker_android] AndroidManifest.xml:16:17-72
71        </provider>
72
73        <meta-data
74            android:name="flutterEmbedding"
75            android:value="2" />
76
77        <provider
77-->[:image_picker_android] AndroidManifest.xml:9:9-17:20
78            android:name="io.flutter.plugins.imagepicker.ImagePickerFileProvider"
78-->[:image_picker_android] AndroidManifest.xml:10:13-82
79            android:authorities="com.example.surveyflow.flutter.image_provider"
79-->[:image_picker_android] AndroidManifest.xml:11:13-74
80            android:exported="false"
80-->[:image_picker_android] AndroidManifest.xml:12:13-37
81            android:grantUriPermissions="true" >
81-->[:image_picker_android] AndroidManifest.xml:13:13-47
82            <meta-data
82-->[:image_picker_android] AndroidManifest.xml:14:13-16:75
83                android:name="android.support.FILE_PROVIDER_PATHS"
83-->[:image_picker_android] AndroidManifest.xml:15:17-67
84                android:resource="@xml/flutter_image_picker_file_paths" />
84-->[:image_picker_android] AndroidManifest.xml:16:17-72
85        </provider> <!-- Trigger Google Play services to install the backported photo picker module. -->
86        <service
86-->[:image_picker_android] AndroidManifest.xml:19:9-31:19
87            android:name="com.google.android.gms.metadata.ModuleDependencies"
87-->[:image_picker_android] AndroidManifest.xml:20:13-78
88            android:enabled="false"
88-->[:image_picker_android] AndroidManifest.xml:21:13-36
89            android:exported="false" >
89-->[:image_picker_android] AndroidManifest.xml:22:13-37
90            <intent-filter>
90-->[:image_picker_android] AndroidManifest.xml:24:13-26:29
91                <action android:name="com.google.android.gms.metadata.MODULE_DEPENDENCIES" />
91-->[:image_picker_android] AndroidManifest.xml:25:17-94
91-->[:image_picker_android] AndroidManifest.xml:25:25-91
92            </intent-filter>
93
94            <meta-data
94-->[:image_picker_android] AndroidManifest.xml:28:13-30:36
95                android:name="photopicker_activity:0:required"
95-->[:image_picker_android] AndroidManifest.xml:29:17-63
96                android:value="" />
96-->[:image_picker_android] AndroidManifest.xml:30:17-33
97        </service>
98
99        <uses-library
99-->[androidx.window:window:1.2.0] AndroidManifest.xml:23:9-25:40
100            android:name="androidx.window.extensions"
100-->[androidx.window:window:1.2.0] AndroidManifest.xml:24:13-54
101            android:required="false" />
101-->[androidx.window:window:1.2.0] AndroidManifest.xml:25:13-37
102        <uses-library
102-->[androidx.window:window:1.2.0] AndroidManifest.xml:26:9-28:40
103            android:name="androidx.window.sidecar"
103-->[androidx.window:window:1.2.0] AndroidManifest.xml:27:13-51
104            android:required="false" />
104-->[androidx.window:window:1.2.0] AndroidManifest.xml:28:13-37
105
106        <provider
106-->[androidx.lifecycle:lifecycle-process:2.7.0] AndroidManifest.xml:24:9-32:20
107            android:name="androidx.startup.InitializationProvider"
107-->[androidx.lifecycle:lifecycle-process:2.7.0] AndroidManifest.xml:25:13-67
108            android:authorities="com.example.surveyflow.androidx-startup"
108-->[androidx.lifecycle:lifecycle-process:2.7.0] AndroidManifest.xml:26:13-68
109            android:exported="false" >
109-->[androidx.lifecycle:lifecycle-process:2.7.0] AndroidManifest.xml:27:13-37
110            <meta-data
110-->[androidx.lifecycle:lifecycle-process:2.7.0] AndroidManifest.xml:29:13-31:52
111                android:name="androidx.lifecycle.ProcessLifecycleInitializer"
111-->[androidx.lifecycle:lifecycle-process:2.7.0] AndroidManifest.xml:30:17-78
112                android:value="androidx.startup" />
112-->[androidx.lifecycle:lifecycle-process:2.7.0] AndroidManifest.xml:31:17-49
113            <meta-data
113-->[androidx.profileinstaller:profileinstaller:1.3.1] AndroidManifest.xml:29:13-31:52
114                android:name="androidx.profileinstaller.ProfileInstallerInitializer"
114-->[androidx.profileinstaller:profileinstaller:1.3.1] AndroidManifest.xml:30:17-85
115                android:value="androidx.startup" />
115-->[androidx.profileinstaller:profileinstaller:1.3.1] AndroidManifest.xml:31:17-49
116        </provider>
117
118        <receiver
118-->[androidx.profileinstaller:profileinstaller:1.3.1] AndroidManifest.xml:34:9-52:20
119            android:name="androidx.profileinstaller.ProfileInstallReceiver"
119-->[androidx.profileinstaller:profileinstaller:1.3.1] AndroidManifest.xml:35:13-76
120            android:directBootAware="false"
120-->[androidx.profileinstaller:profileinstaller:1.3.1] AndroidManifest.xml:36:13-44
121            android:enabled="true"
121-->[androidx.profileinstaller:profileinstaller:1.3.1] AndroidManifest.xml:37:13-35
122            android:exported="true"
122-->[androidx.profileinstaller:profileinstaller:1.3.1] AndroidManifest.xml:38:13-36
123            android:permission="android.permission.DUMP" >
123-->[androidx.profileinstaller:profileinstaller:1.3.1] AndroidManifest.xml:39:13-57
124            <intent-filter>
124-->[androidx.profileinstaller:profileinstaller:1.3.1] AndroidManifest.xml:40:13-42:29
125                <action android:name="androidx.profileinstaller.action.INSTALL_PROFILE" />
125-->[androidx.profileinstaller:profileinstaller:1.3.1] AndroidManifest.xml:41:17-91
125-->[androidx.profileinstaller:profileinstaller:1.3.1] AndroidManifest.xml:41:25-88
126            </intent-filter>
127            <intent-filter>
127-->[androidx.profileinstaller:profileinstaller:1.3.1] AndroidManifest.xml:43:13-45:29
128                <action android:name="androidx.profileinstaller.action.SKIP_FILE" />
128-->[androidx.profileinstaller:profileinstaller:1.3.1] AndroidManifest.xml:44:17-85
128-->[androidx.profileinstaller:profileinstaller:1.3.1] AndroidManifest.xml:44:25-82
129            </intent-filter>
130            <intent-filter>
130-->[androidx.profileinstaller:profileinstaller:1.3.1] AndroidManifest.xml:46:13-48:29
131                <action android:name="androidx.profileinstaller.action.SAVE_PROFILE" />
131-->[androidx.profileinstaller:profileinstaller:1.3.1] AndroidManifest.xml:47:17-88
131-->[androidx.profileinstaller:profileinstaller:1.3.1] AndroidManifest.xml:47:25-85
132            </intent-filter>
133            <intent-filter>
133-->[androidx.profileinstaller:profileinstaller:1.3.1] AndroidManifest.xml:49:13-51:29
134                <action android:name="androidx.profileinstaller.action.BENCHMARK_OPERATION" />
134-->[androidx.profileinstaller:profileinstaller:1.3.1] AndroidManifest.xml:50:17-95
134-->[androidx.profileinstaller:profileinstaller:1.3.1] AndroidManifest.xml:50:25-92
135            </intent-filter>
136        </receiver>
137    </application>
138
139</manifest>